g++ -Wall -O3 -ffloat-store -ffast-math -pg -msse -I../engine -DNDEBUG -std=c++0x -c main.cc
In file included from ../engine/hash.h:22:0,
                 from ../engine/problem.h:22,
                 from ../engine/dispatcher.h:22,
                 from main.cc:5:
../engine/utils.h: In function 'double Utils::my_read_time_in_milli_seconds()':
../engine/utils.h:50:9: warning: unused variable 'i' [-Wunused-variable]
In file included from ../engine/dispatcher.h:30:0,
                 from main.cc:5:
../engine/uct.h: At global scope:
../engine/uct.h:212:9: error: 'end_time' does not name a type
../engine/uct.h:217:9: error: expected unqualified-id before 'static_cast'
../engine/uct.h:217:9: error: expected ')' before 'static_cast'
../engine/uct.h:220:9: error: expected unqualified-id before 'static_cast'
../engine/uct.h:220:9: error: expected ')' before 'static_cast'
../engine/uct.h:221:9: error: expected unqualified-id before 'return'
../engine/uct.h:216:73: error: 's' was not declared in this scope
../engine/uct.h:218:50: error: 's' was not declared in this scope
../engine/uct.h: In member function 'virtual Problem::action_t Online::Policy::UCT::uct_t<T>::operator()(const T&) const':
../engine/uct.h:199:39: error: there are no arguments to 'update_original_nodes' that depend on a template parameter, so a declaration of 'update_original_nodes' must be available [-fpermissive]
../engine/uct.h:199:39: note: (if you use '-fpermissive', G++ will accept your code, but allowing the use of an undeclared name is deprecated)
../engine/uct.h:208:44: error: there are no arguments to 'update_data_values' that depend on a template parameter, so a declaration of 'update_data_values' must be available [-fpermissive]
../engine/uct.h:211:10: warning: no return statement in function returning non-void [-Wreturn-type]
../engine/uct.h: At global scope:
../engine/uct.h:223:5: error: templates may not be 'virtual'
../engine/uct.h:223:30: error: invalid declarator before '*' token
../engine/uct.h:226:48: error: 'virtual' outside class declaration
../engine/uct.h:226:48: error: non-member function 'void Online::Policy::UCT::print_stats(std::ostream&)' cannot have cv-qualifier
../engine/uct.h: In function 'void Online::Policy::UCT::print_stats(std::ostream&)':
../engine/uct.h:227:44: error: 'T' was not declared in this scope
../engine/uct.h:227:45: error: template argument 1 is invalid
../engine/uct.h:228:47: error: the value of 'T' is not usable in a constant expression
../engine/uct.h:227:44: note: 'T' was not declared 'constexpr'
../engine/uct.h:228:48: error: type/value mismatch at argument 1 in template parameter list for 'template<class T> class Online::Policy::policy_t'
../engine/uct.h:228:48: error:   expected a type, got 'T'
../engine/uct.h:229:23: error: the value of 'T' is not usable in a constant expression
../engine/uct.h:227:44: note: 'T' was not declared 'constexpr'
../engine/uct.h:229:24: error: type/value mismatch at argument 1 in template parameter list for 'template<class T> class Online::Policy::improvement_t'
../engine/uct.h:229:24: error:   expected a type, got 'T'
../engine/uct.h:229:39: error: expected initializer before '.' token
../engine/uct.h: At global scope:
../engine/uct.h:232:23: error: 'T' does not name a type
../engine/uct.h:232:26: error: ISO C++ forbids declaration of 's' with no type [-fpermissive]
../engine/uct.h:232:50: error: non-member function 'float Online::Policy::UCT::value(const int&, Problem::action_t)' cannot have cv-qualifier
../engine/uct.h: In function 'float Online::Policy::UCT::value(const int&, Problem::action_t)':
../engine/uct.h:233:25: error: 'T' was not declared in this scope
../engine/uct.h:233:26: error: template argument 1 is invalid
../engine/uct.h:233:47: error: invalid type in declaration before '=' token
../engine/uct.h:233:49: error: 'table_' was not declared in this scope
../engine/uct.h:235:18: error: base operand of '->' is not a pointer
../engine/uct.h: At global scope:
../engine/uct.h:237:26: error: 'T' does not name a type
../engine/uct.h:237:29: error: ISO C++ forbids declaration of 's' with no type [-fpermissive]
../engine/uct.h:237:53: error: non-member function 'unsigned int Online::Policy::UCT::count(const int&, Problem::action_t)' cannot have cv-qualifier
../engine/uct.h: In function 'unsigned int Online::Policy::UCT::count(const int&, Problem::action_t)':
../engine/uct.h:238:25: error: 'T' was not declared in this scope
../engine/uct.h:238:26: error: template argument 1 is invalid
../engine/uct.h:238:47: error: invalid type in declaration before '=' token
../engine/uct.h:238:49: error: 'table_' was not declared in this scope
../engine/uct.h:240:18: error: base operand of '->' is not a pointer
../engine/uct.h: At global scope:
../engine/uct.h:242:19: error: non-member function 'size_t Online::Policy::UCT::size()' cannot have cv-qualifier
../engine/uct.h: In function 'size_t Online::Policy::UCT::size()':
../engine/uct.h:242:34: error: 'table_' was not declared in this scope
../engine/uct.h: At global scope:
../engine/uct.h:243:40: error: non-member function 'void Online::Policy::UCT::print_table(std::ostream&)' cannot have cv-qualifier
../engine/uct.h: In function 'void Online::Policy::UCT::print_table(std::ostream&)':
../engine/uct.h:244:9: error: 'table_' was not declared in this scope
../engine/uct.h: At global scope:
../engine/uct.h:248:41: error: 'T' does not name a type
../engine/uct.h:248:44: error: ISO C++ forbids declaration of 's' with no type [-fpermissive]
../engine/uct.h:248:63: error: non-member function 'bool Online::Policy::UCT::Check_state_undersampled(const int&, unsigned int)' cannot have cv-qualifier
../engine/uct.h: In function 'bool Online::Policy::UCT::Check_state_undersampled(const int&, unsigned int)':
../engine/uct.h:249:25: error: 'T' was not declared in this scope
../engine/uct.h:249:26: error: template argument 1 is invalid
../engine/uct.h:249:41: error: invalid type in declaration before '=' token
../engine/uct.h:249:43: error: 'table_' was not declared in this scope
../engine/uct.h:251:32: error: 'problem' was not declared in this scope
../engine/uct.h:257:14: error: base operand of '->' is not a pointer
../engine/uct.h: At global scope:
../engine/uct.h:266:41: error: 'T' does not name a type
../engine/uct.h:266:44: error: ISO C++ forbids declaration of 's' with no type [-fpermissive]
../engine/uct.h:266:63: error: non-member function 'float Online::Policy::UCT::construct_abstract_tree(const int&, unsigned int)' cannot have cv-qualifier
../engine/uct.h: In function 'float Online::Policy::UCT::construct_abstract_tree(const int&, unsigned int)':
../engine/uct.h:271:9: error: 'T' was not declared in this scope
../engine/uct.h:271:11: error: expected ';' before 'repLeafNode'
../engine/uct.h:275:19: error: 'tree_node_' was not declared in this scope
../engine/uct.h:275:37: error: template argument 1 is invalid
../engine/uct.h:275:37: error: template argument 3 is invalid
../engine/uct.h:275:37: error: template argument 4 is invalid
../engine/uct.h:275:49: error: invalid type in declaration before ';' token
../engine/uct.h:276:25: error: the value of 'T' is not usable in a constant expression
../engine/uct.h:271:9: note: 'T' was not declared 'constexpr'
../engine/uct.h:276:26: error: type/value mismatch at argument 1 in template parameter list for 'template<class T> class Online::Policy::UCT::hash_t'
../engine/uct.h:276:26: error:   expected a type, got 'T'
../engine/uct.h:276:46: error: invalid type in declaration before ';' token
../engine/uct.h:278:19: error: 'table_' was not declared in this scope
../engine/uct.h:281:24: error: request for member 'insert' in 'orderedMap', which is of non-class type 'int'
../engine/uct.h:281:41: error: the value of 'tree_node_' is not usable in a constant expression
../engine/uct.h:275:19: note: 'tree_node_' was not declared 'constexpr'
../engine/uct.h:281:59: error: type/value mismatch at argument 1 in template parameter list for 'template<class _T1, class _T2> struct std::pair'
../engine/uct.h:281:59: error:   expected a type, got 'tree_node_'
../engine/uct.h:281:63: error: base operand of '->' is not a pointer
../engine/uct.h:281:73: error: base operand of '->' is not a pointer
../engine/uct.h:283:28: error: the value of 'tree_node_' is not usable in a constant expression
../engine/uct.h:275:19: note: 'tree_node_' was not declared 'constexpr'
../engine/uct.h:283:46: error: type/value mismatch at argument 1 in template parameter list for 'template<class _Key, class _Tp, class _Compare, class _Alloc> class std::map'
../engine/uct.h:283:46: error:   expected a type, got 'tree_node_'
../engine/uct.h:283:46: error: template argument 3 is invalid
../engine/uct.h:283:46: error: template argument 4 is invalid
../engine/uct.h:283:69: error: invalid type in declaration before ';' token
../engine/uct.h:291:31: error: request for member 'rbegin' in 'orderedMap', which is of non-class type 'int'
../engine/uct.h:291:59: error: request for member 'rend' in 'orderedMap', which is of non-class type 'int'
../engine/uct.h:293:39: error: base operand of '->' is not a pointer
../engine/uct.h:295:15: error: expected ';' before 'currentState'
../engine/uct.h:296:32: error: the value of 'tree_node_' is not usable in a constant expression
../engine/uct.h:275:19: note: 'tree_node_' was not declared 'constexpr'
../engine/uct.h:296:55: error: the value of 'tree_node_' is not usable in a constant expression
../engine/uct.h:275:19: note: 'tree_node_' was not declared 'constexpr'
../engine/uct.h:296:65: error: type/value mismatch at argument 1 in template parameter list for 'template<class _Tp, class _Alloc> class std::vector'
../engine/uct.h:296:65: error:   expected a type, got 'tree_node_'
../engine/uct.h:296:65: error: template argument 2 is invalid
../engine/uct.h:296:67: error: type/value mismatch at argument 1 in template parameter list for 'template<class _Key, class _Tp, class _Compare, class _Alloc> class std::map'
../engine/uct.h:296:67: error:   expected a type, got 'tree_node_'
../engine/uct.h:296:67: error: template argument 2 is invalid
../engine/uct.h:296:67: error: template argument 3 is invalid
../engine/uct.h:296:67: error: template argument 4 is invalid
../engine/uct.h:296:91: error: invalid type in declaration before ';' token
../engine/uct.h:297:39: error: expected ';' before 'abstractState'
../engine/uct.h:300:17: error: 'reverseMap' was not declared in this scope
../engine/uct.h:300:28: error: 'reverseMapLeaf' was not declared in this scope
../engine/uct.h:302:29: error: 'ground_to_abstract_' was not declared in this scope
../engine/uct.h:304:44: error: base operand of '->' is not a pointer
../engine/uct.h:305:25: error: 'abstractState' was not declared in this scope
../engine/uct.h:305:44: error: base operand of '->' is not a pointer
../engine/uct.h:307:41: error: the value of 'tree_node_' is not usable in a constant expression
../engine/uct.h:275:19: note: 'tree_node_' was not declared 'constexpr'
../engine/uct.h:307:51: error: type/value mismatch at argument 1 in template parameter list for 'template<class _Tp, class _Alloc> class std::vector'
../engine/uct.h:307:51: error:   expected a type, got 'tree_node_'
../engine/uct.h:307:51: error: template argument 2 is invalid
../engine/uct.h:307:68: error: invalid type in declaration before '=' token
../engine/uct.h:307:73: error: base operand of '->' is not a pointer
../engine/uct.h:308:67: error: request for member 'size' in 'nextDepthVector', which is of non-class type 'int'
../engine/uct.h:309:61: error: the value of 'T' is not usable in a constant expression
../engine/uct.h:271:9: note: 'T' was not declared 'constexpr'
../engine/uct.h:309:63: error: the value of 'T' is not usable in a constant expression
../engine/uct.h:271:9: note: 'T' was not declared 'constexpr'
../engine/uct.h:309:64: error: type/value mismatch at argument 1 in template parameter list for 'template<class _T1, class _T2> struct std::pair'
../engine/uct.h:309:64: error:   expected a type, got 'T'
../engine/uct.h:309:64: error: type/value mismatch at argument 2 in template parameter list for 'template<class _T1, class _T2> struct std::pair'
../engine/uct.h:309:64: error:   expected a type, got 'T'
../engine/uct.h:309:83: error: invalid types 'int[unsigned int]' for array subscript
../engine/uct.h:318:41: error: 'currentState' was not declared in this scope
../engine/uct.h:321:21: error: 'repLeafNode' was not declared in this scope
../engine/uct.h:324:33: error: the value of 'tree_node_' is not usable in a constant expression
../engine/uct.h:275:19: note: 'tree_node_' was not declared 'constexpr'
../engine/uct.h:324:43: error: type/value mismatch at argument 1 in template parameter list for 'template<class _Tp, class _Alloc> class std::vector'
../engine/uct.h:324:43: error:   expected a type, got 'tree_node_'
../engine/uct.h:324:43: error: template argument 2 is invalid
../engine/uct.h:324:62: error: invalid type in declaration before '(' token
../engine/uct.h:324:68: error: base operand of '->' is not a pointer
../engine/uct.h:324:75: error: expression list treated as compound expression in initializer [-fpermissive]
../engine/uct.h:324:45: warning: unused variable 'groundStateVector' [-Wunused-variable]
../engine/uct.h:327:17: error: 'reverseMapLeaf' was not declared in this scope
../engine/uct.h:327:49: error: the value of 'T' is not usable in a constant expression
../engine/uct.h:271:9: note: 'T' was not declared 'constexpr'
../engine/uct.h:327:51: error: the value of 'T' is not usable in a constant expression
../engine/uct.h:271:9: note: 'T' was not declared 'constexpr'
../engine/uct.h:327:52: error: type/value mismatch at argument 1 in template parameter list for 'template<class _T1, class _T2> struct std::pair'
../engine/uct.h:327:52: error:   expected a type, got 'T'
../engine/uct.h:327:52: error: type/value mismatch at argument 2 in template parameter list for 'template<class _T1, class _T2> struct std::pair'
../engine/uct.h:327:52: error:   expected a type, got 'T'
../engine/uct.h:327:67: error: 'repLeafNode' was not declared in this scope
../engine/uct.h:335:29: error: 'ground_to_abstract_' was not declared in this scope
../engine/uct.h:337:40: error: base operand of '->' is not a pointer
../engine/uct.h:345:37: error: the value of 'tree_node_' is not usable in a constant expression
../engine/uct.h:275:19: note: 'tree_node_' was not declared 'constexpr'
../engine/uct.h:345:47: error: type/value mismatch at argument 1 in template parameter list for 'template<class _Tp, class _Alloc> class std::vector'
../engine/uct.h:345:47: error:   expected a type, got 'tree_node_'
../engine/uct.h:345:47: error: template argument 2 is invalid
../engine/uct.h:345:67: error: invalid type in declaration before '=' token
../engine/uct.h:345:73: error: base operand of '->' is not a pointer
../engine/uct.h:346:36: error: expected ';' before 'absRepNode'
../engine/uct.h:350:48: error: 'problem' was not declared in this scope
../engine/uct.h:350:65: error: 'absRepNode' was not declared in this scope
../engine/uct.h:351:7: error: 'abstractState' was not declared in this scope
../engine/uct.h:358:86: error: 'isEquivalentSA' was not declared in this scope
In file included from ../engine/dispatcher.h:30:0,
                 from main.cc:5:
../engine/uct.h:374:38: error: base operand of '->' is not a pointer
../engine/uct.h:375:33: error: 'inverse_map_' was not declared in this scope
../engine/uct.h:375:63: error: the value of 'tree_node_' is not usable in a constant expression
In file included from ../engine/dispatcher.h:30:0,
                 from main.cc:5:
../engine/uct.h:275:19: note: 'tree_node_' was not declared 'constexpr'
In file included from ../engine/dispatcher.h:30:0,
                 from main.cc:5:
../engine/uct.h:375:74: error: the value of 'tree_node_' is not usable in a constant expression
In file included from ../engine/dispatcher.h:30:0,
                 from main.cc:5:
../engine/uct.h:275:19: note: 'tree_node_' was not declared 'constexpr'
In file included from ../engine/dispatcher.h:30:0,
                 from main.cc:5:
../engine/uct.h:375:84: error: type/value mismatch at argument 1 in template parameter list for 'template<class _T1, class _T2> struct std::pair'
../engine/uct.h:375:84: error:   expected a type, got 'tree_node_'
../engine/uct.h:375:84: error: type/value mismatch at argument 2 in template parameter list for 'template<class _T1, class _T2> struct std::pair'
../engine/uct.h:375:84: error:   expected a type, got 'tree_node_'
../engine/uct.h:375:89: error: base operand of '->' is not a pointer
../engine/uct.h:375:101: error: base operand of '->' is not a pointer
In file included from ../engine/dispatcher.h:30:0,
                 from main.cc:5:
../engine/uct.h:345:49: warning: unused variable 'groundStateVector' [-Wunused-variable]
In file included from ../engine/dispatcher.h:30:0,
                 from main.cc:5:
../engine/uct.h:384:34: error: 'ground_to_abstract_' was not declared in this scope
../engine/uct.h:386:33: error: the value of 'tree_node_' is not usable in a constant expression
In file included from ../engine/dispatcher.h:30:0,
                 from main.cc:5:
../engine/uct.h:275:19: note: 'tree_node_' was not declared 'constexpr'
In file included from ../engine/dispatcher.h:30:0,
                 from main.cc:5:
../engine/uct.h:386:43: error: type/value mismatch at argument 1 in template parameter list for 'template<class _Tp, class _Alloc> class std::vector'
../engine/uct.h:386:43: error:   expected a type, got 'tree_node_'
../engine/uct.h:386:43: error: template argument 2 is invalid
../engine/uct.h:386:62: error: invalid type in declaration before '(' token
../engine/uct.h:386:68: error: base operand of '->' is not a pointer
../engine/uct.h:386:75: error: expression list treated as compound expression in initializer [-fpermissive]
../engine/uct.h:387:58: error: the value of 'tree_node_' is not usable in a constant expression
In file included from ../engine/dispatcher.h:30:0,
                 from main.cc:5:
../engine/uct.h:275:19: note: 'tree_node_' was not declared 'constexpr'
In file included from ../engine/dispatcher.h:30:0,
                 from main.cc:5:
../engine/uct.h:387:81: error: the value of 'tree_node_' is not usable in a constant expression
In file included from ../engine/dispatcher.h:30:0,
                 from main.cc:5:
../engine/uct.h:275:19: note: 'tree_node_' was not declared 'constexpr'
In file included from ../engine/dispatcher.h:30:0,
                 from main.cc:5:
../engine/uct.h:387:81: error: type/value mismatch at argument 1 in template parameter list for 'template<class _Tp, class _Alloc> class std::vector'
../engine/uct.h:387:81: error:   expected a type, got 'tree_node_'
../engine/uct.h:387:81: error: template argument 2 is invalid
../engine/uct.h:387:91: error: type/value mismatch at argument 1 in template parameter list for 'template<class _T1, class _T2> struct std::pair'
../engine/uct.h:387:91: error:   expected a type, got 'tree_node_'
../engine/uct.h:387:91: error: template argument 2 is invalid
../engine/uct.h:387:97: error: base operand of '->' is not a pointer
../engine/uct.h:388:21: error: 'inverse_map_' was not declared in this scope
../engine/uct.h:388:51: error: the value of 'tree_node_' is not usable in a constant expression
In file included from ../engine/dispatcher.h:30:0,
                 from main.cc:5:
../engine/uct.h:275:19: note: 'tree_node_' was not declared 'constexpr'
In file included from ../engine/dispatcher.h:30:0,
                 from main.cc:5:
../engine/uct.h:388:62: error: the value of 'tree_node_' is not usable in a constant expression
In file included from ../engine/dispatcher.h:30:0,
                 from main.cc:5:
../engine/uct.h:275:19: note: 'tree_node_' was not declared 'constexpr'
In file included from ../engine/dispatcher.h:30:0,
                 from main.cc:5:
../engine/uct.h:388:72: error: type/value mismatch at argument 1 in template parameter list for 'template<class _T1, class _T2> struct std::pair'
../engine/uct.h:388:72: error:   expected a type, got 'tree_node_'
../engine/uct.h:388:72: error: type/value mismatch at argument 2 in template parameter list for 'template<class _T1, class _T2> struct std::pair'
../engine/uct.h:388:72: error:   expected a type, got 'tree_node_'
../engine/uct.h:388:77: error: base operand of '->' is not a pointer
../engine/uct.h:388:88: error: base operand of '->' is not a pointer
../engine/uct.h: At global scope:
../engine/uct.h:401:31: error: 'T' does not name a type
../engine/uct.h:401:34: error: ISO C++ forbids declaration of 'FirstState' with no type [-fpermissive]
../engine/uct.h:401:69: error: 'T' does not name a type
../engine/uct.h:401:72: error: ISO C++ forbids declaration of 'SecondState' with no type [-fpermissive]
../engine/uct.h:401:103: error: non-member function 'bool Online::Policy::UCT::isEquivalentSA(const int&, int, const int&, int)' cannot have cv-qualifier
../engine/uct.h: In function 'bool Online::Policy::UCT::isEquivalentSA(const int&, int, const int&, int)':
../engine/uct.h:403:21: error: 'problem' was not declared in this scope
../engine/uct.h:407:31: error: 'T' was not declared in this scope
../engine/uct.h:407:39: error: template argument 1 is invalid
../engine/uct.h:407:41: error: template argument 1 is invalid
../engine/uct.h:407:41: error: template argument 2 is invalid
../engine/uct.h:407:56: error: invalid type in declaration before ',' token
../engine/uct.h:408:17: error: 'problem' was not declared in this scope
../engine/uct.h:410:45: error: request for member 'size' in 'outcomesFirst', which is of non-class type 'int'
../engine/uct.h:410:82: error: request for member 'size' in 'outcomesSecond', which is of non-class type 'int'
../engine/uct.h:411:19: error: the value of 'T' is not usable in a constant expression
../engine/uct.h:407:31: note: 'T' was not declared 'constexpr'
../engine/uct.h:411:39: error: type/value mismatch at argument 1 in template parameter list for 'template<class _Key, class _Tp, class _Compare, class _Alloc> class std::map'
../engine/uct.h:411:39: error:   expected a type, got 'T'
../engine/uct.h:411:39: error: template argument 3 is invalid
../engine/uct.h:411:39: error: template argument 4 is invalid
../engine/uct.h:411:57: error: invalid type in declaration before ';' token
../engine/uct.h:412:28: error: the value of 'T' is not usable in a constant expression
../engine/uct.h:407:31: note: 'T' was not declared 'constexpr'
../engine/uct.h:412:48: error: type/value mismatch at argument 1 in template parameter list for 'template<class _Key, class _Tp, class _Compare, class _Alloc> class std::map'
../engine/uct.h:412:48: error:   expected a type, got 'T'
../engine/uct.h:412:48: error: template argument 3 is invalid
../engine/uct.h:412:48: error: template argument 4 is invalid
../engine/uct.h:412:70: error: invalid type in declaration before ';' token
../engine/uct.h:416:11: error: expected ';' before 'temp_outcome_node'
../engine/uct.h:420:30: error: invalid types 'int[unsigned int]' for array subscript
../engine/uct.h:422:16: error: 'reverseMap' was not declared in this scope
../engine/uct.h:422:47: error: invalid types 'int[unsigned int]' for array subscript
../engine/uct.h:423:17: error: 'temp_outcome_node' was not declared in this scope
../engine/uct.h:423:61: error: invalid types 'int[unsigned int]' for array subscript
../engine/uct.h:425:17: error: 'temp_outcome_node' was not declared in this scope
../engine/uct.h:425:50: error: invalid types 'int[unsigned int]' for array subscript
../engine/uct.h:426:39: error: request for member 'find' in 'transComparison', which is of non-class type 'int'
../engine/uct.h:426:44: error: 'temp_outcome_node' was not declared in this scope
../engine/uct.h:427:44: error: request for member 'end' in 'transComparison', which is of non-class type 'int'
../engine/uct.h:428:45: error: invalid types 'int[unsigned int]' for array subscript
../engine/uct.h:429:33: error: request for member 'insert' in 'transComparison', which is of non-class type 'int'
../engine/uct.h:429:50: error: the value of 'T' is not usable in a constant expression
../engine/uct.h:407:31: note: 'T' was not declared 'constexpr'
../engine/uct.h:429:70: error: type/value mismatch at argument 1 in template parameter list for 'template<class _T1, class _T2> struct std::pair'
../engine/uct.h:429:70: error:   expected a type, got 'T'
../engine/uct.h:431:36: error: base operand of '->' is not a pointer
../engine/uct.h:432:58: error: invalid types 'int[unsigned int]' for array subscript
../engine/uct.h:433:26: error: base operand of '->' is not a pointer
../engine/uct.h:439:32: error: invalid types 'int[unsigned int]' for array subscript
../engine/uct.h:441:16: error: 'reverseMap' was not declared in this scope
../engine/uct.h:441:48: error: invalid types 'int[unsigned int]' for array subscript
../engine/uct.h:442:17: error: 'temp_outcome_node' was not declared in this scope
../engine/uct.h:442:62: error: invalid types 'int[unsigned int]' for array subscript
../engine/uct.h:444:17: error: 'temp_outcome_node' was not declared in this scope
../engine/uct.h:444:51: error: invalid types 'int[unsigned int]' for array subscript
../engine/uct.h:445:39: error: request for member 'find' in 'transComparison', which is of non-class type 'int'
../engine/uct.h:445:44: error: 'temp_outcome_node' was not declared in this scope
../engine/uct.h:446:44: error: request for member 'end' in 'transComparison', which is of non-class type 'int'
../engine/uct.h:449:36: error: base operand of '->' is not a pointer
../engine/uct.h:450:59: error: invalid types 'int[unsigned int]' for array subscript
../engine/uct.h:451:26: error: base operand of '->' is not a pointer
../engine/uct.h:456:40: error: request for member 'begin' in 'transComparison', which is of non-class type 'int'
../engine/uct.h:456:76: error: request for member 'end' in 'transComparison', which is of non-class type 'int'
../engine/uct.h:458:32: error: base operand of '->' is not a pointer
../engine/uct.h: At global scope:
../engine/uct.h:468:31: error: non-member function 'void Online::Policy::UCT::update_data_values()' cannot have cv-qualifier
../engine/uct.h: In function 'void Online::Policy::UCT::update_data_values()':
../engine/uct.h:469:28: error: 'tree_node_' was not declared in this scope
../engine/uct.h:469:51: error: the value of 'tree_node_' is not usable in a constant expression
../engine/uct.h:469:28: note: 'tree_node_' was not declared 'constexpr'
../engine/uct.h:469:61: error: type/value mismatch at argument 1 in template parameter list for 'template<class _Tp, class _Alloc> class std::vector'
../engine/uct.h:469:61: error:   expected a type, got 'tree_node_'
../engine/uct.h:469:61: error: template argument 2 is invalid
../engine/uct.h:469:63: error: template argument 1 is invalid
../engine/uct.h:469:63: error: template argument 2 is invalid
../engine/uct.h:469:63: error: template argument 3 is invalid
../engine/uct.h:469:63: error: template argument 4 is invalid
../engine/uct.h:469:87: error: invalid type in declaration before ';' token
../engine/uct.h:470:28: error: the value of 'tree_node_' is not usable in a constant expression
../engine/uct.h:469:28: note: 'tree_node_' was not declared 'constexpr'
../engine/uct.h:470:46: error: type/value mismatch at argument 1 in template parameter list for 'template<class _Key, class _Tp, class _Compare, class _Alloc> class std::map'
../engine/uct.h:470:46: error:   expected a type, got 'tree_node_'
../engine/uct.h:470:46: error: template argument 3 is invalid
../engine/uct.h:470:46: error: template argument 4 is invalid
../engine/uct.h:470:62: error: invalid type in declaration before ';' token
../engine/uct.h:471:30: error: the value of 'tree_node_' is not usable in a constant expression
../engine/uct.h:469:28: note: 'tree_node_' was not declared 'constexpr'
../engine/uct.h:471:40: error: type/value mismatch at argument 1 in template parameter list for 'template<class _Tp, class _Alloc> class std::vector'
../engine/uct.h:471:40: error:   expected a type, got 'tree_node_'
../engine/uct.h:471:40: error: template argument 2 is invalid
../engine/uct.h:471:57: error: invalid type in declaration before ';' token
../engine/uct.h:472:25: error: 'T' was not declared in this scope
../engine/uct.h:472:26: error: template argument 1 is invalid
../engine/uct.h:472:40: error: invalid type in declaration before ';' token
../engine/uct.h:474:21: error: 'ground_to_abstract_' was not declared in this scope
../engine/uct.h:475:34: error: 'problem' was not declared in this scope
../engine/uct.h:475:55: error: base operand of '->' is not a pointer
../engine/uct.h:479:31: error: base operand of '->' is not a pointer
../engine/uct.h:479:61: error: base operand of '->' is not a pointer
../engine/uct.h:480:51: error: base operand of '->' is not a pointer
../engine/uct.h:482:24: error: 'table_' was not declared in this scope
../engine/uct.h:482:56: error: base operand of '->' is not a pointer
../engine/uct.h:482:70: error: base operand of '->' is not a pointer
../engine/uct.h:483:36: error: base operand of '->' is not a pointer
../engine/uct.h:484:28: error: base operand of '->' is not a pointer
../engine/uct.h:485:37: error: base operand of '->' is not a pointer
../engine/uct.h:485:61: error: base operand of '->' is not a pointer
../engine/uct.h:487:37: error: base operand of '->' is not a pointer
../engine/uct.h:489:34: error: base operand of '->' is not a pointer
../engine/uct.h:491:42: error: base operand of '->' is not a pointer
../engine/uct.h:496:50: error: base operand of '->' is not a pointer
../engine/uct.h:499:38: error: base operand of '->' is not a pointer
../engine/uct.h:501:13: error: 'abstract_node_data_' was not declared in this scope
../engine/uct.h:501:59: error: base operand of '->' is not a pointer
../engine/uct.h:470:58: warning: unused variable 'abit' [-Wunused-variable]
../engine/uct.h: At global scope:
../engine/uct.h:519:40: error: 'T' does not name a type
../engine/uct.h:519:43: error: ISO C++ forbids declaration of 's' with no type [-fpermissive]
../engine/uct.h:519:99: error: non-member function 'int Online::Policy::UCT::update_equivalent_nodes(const int&, unsigned int, float, Problem::action_t)' cannot have cv-qualifier
../engine/uct.h: In function 'int Online::Policy::UCT::update_equivalent_nodes(const int&, unsigned int, float, Problem::action_t)':
../engine/uct.h:521:28: error: 'tree_node_' was not declared in this scope
../engine/uct.h:521:51: error: the value of 'tree_node_' is not usable in a constant expression
../engine/uct.h:521:28: note: 'tree_node_' was not declared 'constexpr'
../engine/uct.h:521:61: error: type/value mismatch at argument 1 in template parameter list for 'template<class _Tp, class _Alloc> class std::vector'
../engine/uct.h:521:61: error:   expected a type, got 'tree_node_'
../engine/uct.h:521:61: error: template argument 2 is invalid
../engine/uct.h:521:63: error: template argument 1 is invalid
../engine/uct.h:521:63: error: template argument 2 is invalid
../engine/uct.h:521:63: error: template argument 3 is invalid
../engine/uct.h:521:63: error: template argument 4 is invalid
../engine/uct.h:521:87: error: invalid type in declaration before ';' token
../engine/uct.h:522:28: error: the value of 'tree_node_' is not usable in a constant expression
../engine/uct.h:521:28: note: 'tree_node_' was not declared 'constexpr'
../engine/uct.h:522:51: error: the value of 'tree_node_' is not usable in a constant expression
../engine/uct.h:521:28: note: 'tree_node_' was not declared 'constexpr'
../engine/uct.h:522:61: error: type/value mismatch at argument 1 in template parameter list for 'template<class _Tp, class _Alloc> class std::vector'
../engine/uct.h:522:61: error:   expected a type, got 'tree_node_'
../engine/uct.h:522:61: error: template argument 2 is invalid
../engine/uct.h:522:63: error: type/value mismatch at argument 1 in template parameter list for 'template<class _Key, class _Tp, class _Compare, class _Alloc> class std::map'
../engine/uct.h:522:63: error:   expected a type, got 'tree_node_'
../engine/uct.h:522:63: error: template argument 2 is invalid
../engine/uct.h:522:63: error: template argument 3 is invalid
../engine/uct.h:522:63: error: template argument 4 is invalid
../engine/uct.h:522:78: error: invalid type in declaration before ';' token
../engine/uct.h:523:28: error: the value of 'tree_node_' is not usable in a constant expression
../engine/uct.h:521:28: note: 'tree_node_' was not declared 'constexpr'
../engine/uct.h:523:46: error: type/value mismatch at argument 1 in template parameter list for 'template<class _Key, class _Tp, class _Compare, class _Alloc> class std::map'
../engine/uct.h:523:46: error:   expected a type, got 'tree_node_'
../engine/uct.h:523:46: error: template argument 3 is invalid
../engine/uct.h:523:46: error: template argument 4 is invalid
../engine/uct.h:523:62: error: invalid type in declaration before ';' token
../engine/uct.h:524:30: error: the value of 'tree_node_' is not usable in a constant expression
../engine/uct.h:521:28: note: 'tree_node_' was not declared 'constexpr'
../engine/uct.h:524:40: error: type/value mismatch at argument 1 in template parameter list for 'template<class _Tp, class _Alloc> class std::vector'
../engine/uct.h:524:40: error:   expected a type, got 'tree_node_'
../engine/uct.h:524:40: error: template argument 2 is invalid
../engine/uct.h:524:54: error: invalid type in declaration before ';' token
../engine/uct.h:525:30: error: the value of 'tree_node_' is not usable in a constant expression
../engine/uct.h:521:28: note: 'tree_node_' was not declared 'constexpr'
../engine/uct.h:525:40: error: type/value mismatch at argument 1 in template parameter list for 'template<class _Tp, class _Alloc> class std::vector'
../engine/uct.h:525:40: error:   expected a type, got 'tree_node_'
../engine/uct.h:525:40: error: template argument 2 is invalid
../engine/uct.h:525:54: error: invalid type in declaration before ';' token
../engine/uct.h:528:13: error: 'inverse_map_' was not declared in this scope
../engine/uct.h:530:20: error: expected ';' before 'abstract_node'
../engine/uct.h:531:13: error: 'ground_to_abstract_' was not declared in this scope
../engine/uct.h:531:38: error: 'abstract_node' was not declared in this scope
../engine/uct.h:534:14: error: 'abstract_node_data_' was not declared in this scope
../engine/uct.h:534:42: error: base operand of '->' is not a pointer
../engine/uct.h:535:13: error: base operand of '->' is not a pointer
../engine/uct.h:537:15: error: base operand of '->' is not a pointer
../engine/uct.h:538:15: error: base operand of '->' is not a pointer
../engine/uct.h:544:19: error: base operand of '->' is not a pointer
../engine/uct.h:544:43: error: base operand of '->' is not a pointer
../engine/uct.h:546:19: error: base operand of '->' is not a pointer
../engine/uct.h:546:39: error: base operand of '->' is not a pointer
../engine/uct.h:551:29: error: 'T' was not declared in this scope
../engine/uct.h:551:30: error: template argument 1 is invalid
../engine/uct.h:551:50: error: invalid type in declaration before '=' token
../engine/uct.h:551:52: error: 'table_' was not declared in this scope
../engine/uct.h:551:81: error: base operand of '->' is not a pointer
../engine/uct.h:551:92: error: base operand of '->' is not a pointer
../engine/uct.h:557:22: error: base operand of '->' is not a pointer
../engine/uct.h:558:22: error: base operand of '->' is not a pointer
../engine/uct.h:559:20: error: base operand of '->' is not a pointer
../engine/uct.h:563:23: error: base operand of '->' is not a pointer
../engine/uct.h:563:50: error: base operand of '->' is not a pointer
../engine/uct.h:521:83: warning: unused variable 'rgit' [-Wunused-variable]
../engine/uct.h:525:52: warning: unused variable 'jt' [-Wunused-variable]
../engine/uct.h: At global scope:
../engine/uct.h:576:29: error: 'T' does not name a type
../engine/uct.h:576:32: error: ISO C++ forbids declaration of 's' with no type [-fpermissive]
../engine/uct.h:576:51: error: non-member function 'float Online::Policy::UCT::search_tree(const int&, unsigned int)' cannot have cv-qualifier
../engine/uct.h: In function 'float Online::Policy::UCT::search_tree(const int&, unsigned int)':
../engine/uct.h:583:20: error: 'problem' was not declared in this scope
../engine/uct.h:585:22: error: 'T' was not declared in this scope
../engine/uct.h:585:23: error: template argument 1 is invalid
../engine/uct.h:585:38: error: invalid type in declaration before '=' token
../engine/uct.h:585:26: warning: unused variable 'goal_reached' [-Wunused-variable]
../engine/uct.h:588:23: error: 'horizon_' was not declared in this scope
../engine/uct.h:588:44: error: 'problem' was not declared in this scope
../engine/uct.h:595:21: error: 'problem' was not declared in this scope
../engine/uct.h:602:25: error: 'T' was not declared in this scope
../engine/uct.h:602:26: error: template argument 1 is invalid
../engine/uct.h:602:41: error: invalid type in declaration before '=' token
../engine/uct.h:602:43: error: 'table_' was not declared in this scope
../engine/uct.h:603:27: error: 'tree_node_' was not declared in this scope
../engine/uct.h:603:42: error: template argument 1 is invalid
../engine/uct.h:603:42: error: template argument 3 is invalid
../engine/uct.h:603:42: error: template argument 4 is invalid
../engine/uct.h:603:62: error: invalid type in declaration before ';' token
../engine/uct.h:605:52: error: 'problem' was not declared in this scope
../engine/uct.h:608:44: error: 'evaluate' was not declared in this scope
../engine/uct.h:618:54: error: base operand of '->' is not a pointer
../engine/uct.h:618:77: error: 'random_ties_' was not declared in this scope
../engine/uct.h:618:89: error: 'select_action' was not declared in this scope
../engine/uct.h:625:29: error: ISO C++ forbids declaration of 'type name' with no type [-fpermissive]
../engine/uct.h:625:36: error: wrong number of template arguments (1, should be 2)
In file included from /usr/include/c++/4.7/bits/stl_algobase.h:65:0,
                 from /usr/include/c++/4.7/bits/char_traits.h:41,
                 from /usr/include/c++/4.7/ios:41,
                 from /usr/include/c++/4.7/ostream:40,
                 from /usr/include/c++/4.7/iostream:40,
                 from main.cc:1:
/usr/include/c++/4.7/bits/stl_pair.h:88:12: error: provided for 'template<class _T1, class _T2> struct std::pair'
In file included from ../engine/dispatcher.h:30:0,
                 from main.cc:5:
../engine/uct.h:625:40: error: invalid type in declaration before '=' token
../engine/uct.h:625:50: error: 'problem' was not declared in this scope
../engine/uct.h:636:54: error: request for member 'first' in 'p', which is of non-class type 'int'
../engine/uct.h:638:17: error: 'inverse_map_' was not declared in this scope
../engine/uct.h:640:15: error: base operand of '->' is not a pointer
../engine/uct.h:641:21: error: base operand of '->' is not a pointer
../engine/uct.h:642:38: error: base operand of '->' is not a pointer
../engine/uct.h:644:27: error: base operand of '->' is not a pointer
../engine/uct.h:651:36: error: the value of 'tree_node_' is not usable in a constant expression
../engine/uct.h:603:27: note: 'tree_node_' was not declared 'constexpr'
../engine/uct.h:651:54: error: type/value mismatch at argument 1 in template parameter list for 'template<class _Key, class _Tp, class _Compare, class _Alloc> class std::map'
../engine/uct.h:651:54: error:   expected a type, got 'tree_node_'
../engine/uct.h:651:54: error: template argument 3 is invalid
../engine/uct.h:651:54: error: template argument 4 is invalid
../engine/uct.h:651:70: error: invalid type in declaration before ';' token
../engine/uct.h:652:22: error: 'abstract_node_data_' was not declared in this scope
../engine/uct.h:653:23: error: base operand of '->' is not a pointer
../engine/uct.h:654:23: error: base operand of '->' is not a pointer
../engine/uct.h:655:41: error: base operand of '->' is not a pointer
../engine/uct.h:657:29: error: base operand of '->' is not a pointer
../engine/uct.h:603:54: warning: unused variable 'isLeafit' [-Wunused-variable]
../engine/uct.h: At global scope:
../engine/uct.h:675:33: error: non-member function 'void Online::Policy::UCT::update_original_nodes()' cannot have cv-qualifier
../engine/uct.h: In function 'void Online::Policy::UCT::update_original_nodes()':
../engine/uct.h:676:28: error: 'tree_node_' was not declared in this scope
../engine/uct.h:676:51: error: the value of 'tree_node_' is not usable in a constant expression
../engine/uct.h:676:28: note: 'tree_node_' was not declared 'constexpr'
../engine/uct.h:676:61: error: type/value mismatch at argument 1 in template parameter list for 'template<class _Tp, class _Alloc> class std::vector'
../engine/uct.h:676:61: error:   expected a type, got 'tree_node_'
../engine/uct.h:676:61: error: template argument 2 is invalid
../engine/uct.h:676:63: error: template argument 1 is invalid
../engine/uct.h:676:63: error: template argument 2 is invalid
../engine/uct.h:676:63: error: template argument 3 is invalid
../engine/uct.h:676:63: error: template argument 4 is invalid
../engine/uct.h:676:87: error: invalid type in declaration before ';' token
../engine/uct.h:677:28: error: the value of 'tree_node_' is not usable in a constant expression
../engine/uct.h:676:28: note: 'tree_node_' was not declared 'constexpr'
../engine/uct.h:677:46: error: type/value mismatch at argument 1 in template parameter list for 'template<class _Key, class _Tp, class _Compare, class _Alloc> class std::map'
../engine/uct.h:677:46: error:   expected a type, got 'tree_node_'
../engine/uct.h:677:46: error: template argument 3 is invalid
../engine/uct.h:677:46: error: template argument 4 is invalid
../engine/uct.h:677:62: error: invalid type in declaration before ';' token
../engine/uct.h:678:30: error: the value of 'tree_node_' is not usable in a constant expression
../engine/uct.h:676:28: note: 'tree_node_' was not declared 'constexpr'
../engine/uct.h:678:40: error: type/value mismatch at argument 1 in template parameter list for 'template<class _Tp, class _Alloc> class std::vector'
../engine/uct.h:678:40: error:   expected a type, got 'tree_node_'
../engine/uct.h:678:40: error: template argument 2 is invalid
../engine/uct.h:678:57: error: invalid type in declaration before ';' token
../engine/uct.h:679:25: error: 'T' was not declared in this scope
../engine/uct.h:679:26: error: template argument 1 is invalid
../engine/uct.h:679:40: error: invalid type in declaration before ';' token
../engine/uct.h:681:21: error: 'ground_to_abstract_' was not declared in this scope
../engine/uct.h:682:28: error: base operand of '->' is not a pointer
../engine/uct.h:682:58: error: base operand of '->' is not a pointer
../engine/uct.h:684:20: error: 'table_' was not declared in this scope
../engine/uct.h:684:52: error: base operand of '->' is not a pointer
../engine/uct.h:684:66: error: base operand of '->' is not a pointer
../engine/uct.h:686:22: error: 'abstract_node_data_' was not declared in this scope
../engine/uct.h:686:51: error: base operand of '->' is not a pointer
../engine/uct.h:687:19: error: base operand of '->' is not a pointer
../engine/uct.h:687:32: error: base operand of '->' is not a pointer
../engine/uct.h: At global scope:
../engine/uct.h:692:43: error: 'T' does not name a type
../engine/uct.h:692:46: error: ISO C++ forbids declaration of 'state' with no type [-fpermissive]
../engine/uct.h:696:55: error: non-member function 'Problem::action_t Online::Policy::UCT::select_action(const int&, const Online::Policy::UCT::data_t&, int, bool, bool)' cannot have cv-qualifier
../engine/uct.h: In function 'Problem::action_t Online::Policy::UCT::select_action(const int&, const Online::Policy::UCT::data_t&, int, bool, bool)':
../engine/uct.h:698:12: error: 'inverse_map_' was not declared in this scope
../engine/uct.h:700:32: error: 'tree_node_' was not declared in this scope
../engine/uct.h:700:50: error: template argument 1 is invalid
../engine/uct.h:700:50: error: template argument 3 is invalid
../engine/uct.h:700:50: error: template argument 4 is invalid
../engine/uct.h:700:66: error: invalid type in declaration before ';' token
../engine/uct.h:701:18: error: 'abstract_node_data_' was not declared in this scope
../engine/uct.h:702:28: error: base operand of '->' is not a pointer
../engine/uct.h:712:32: error: 'problem' was not declared in this scope
../engine/uct.h: At global scope:
../engine/uct.h:752:26: error: 'T' does not name a type
../engine/uct.h:752:29: error: ISO C++ forbids declaration of 's' with no type [-fpermissive]
../engine/uct.h:752:48: error: non-member function 'float Online::Policy::UCT::evaluate(const int&, unsigned int)' cannot have cv-qualifier
../engine/uct.h: In function 'float Online::Policy::UCT::evaluate(const int&, unsigned int)':
../engine/uct.h:753:53: error: 'T' was not declared in this scope
../engine/uct.h:753:54: error: template argument 1 is invalid
../engine/uct.h:754:45: error: 'horizon_' was not declared in this scope
../engine/uct.h: At global scope:
../engine/uct.h:761:14: error: 'policy_t' does not name a type
../engine/uct.h:771:1: error: expected declaration before '}' token
../engine/uct.h: In function 'float Online::Policy::UCT::evaluate(const int&, unsigned int)':
../engine/uct.h:755:5: warning: control reaches end of non-void function [-Wreturn-type]
../engine/uct.h: In function 'float Online::Policy::UCT::search_tree(const int&, unsigned int)':
../engine/uct.h:674:5: warning: control reaches end of non-void function [-Wreturn-type]
In file included from ../engine/dispatcher.h:30:0,
                 from main.cc:5:
../engine/uct.h: In function 'size_t Online::Policy::UCT::size()':
../engine/uct.h:242:49: warning: control reaches end of non-void function [-Wreturn-type]
../engine/uct.h: In function 'unsigned int Online::Policy::UCT::count(const int&, Problem::action_t)':
../engine/uct.h:241:5: warning: control reaches end of non-void function [-Wreturn-type]
../engine/uct.h: In function 'float Online::Policy::UCT::value(const int&, Problem::action_t)':
../engine/uct.h:236:5: warning: control reaches end of non-void function [-Wreturn-type]
make: *** [main.o] Error 1
